36.0 APEX_CODE,FINEST;APEX_PROFILING,INFO;CALLOUT,INFO;DB,INFO;SYSTEM,DEBUG;VALIDATION,INFO;VISUALFORCE,INFO;WAVE,INFO;WORKFLOW,INFO
Execute Anonymous: List<Task> tasks = [select id from task where subject = 'Follow up on shipped order 105'];
Execute Anonymous: System.assert(tasks.size() > 0);
Execute Anonymous: delete tasks;
18:48:40.1 (1237782)|USER_INFO|[EXTERNAL]|00590000002m6GC|pratsaxena@prateek.com|India Standard Time|GMT+05:30
18:48:40.1 (1284677)|EXECUTION_STARTED
18:48:40.1 (1292015)|CODE_UNIT_STARTED|[EXTERNAL]|execute_anonymous_apex
18:48:40.1 (1714558)|VARIABLE_SCOPE_BEGIN|[1]|tasks|List<Task>|true|false
18:48:40.1 (1872334)|HEAP_ALLOCATE|[72]|Bytes:3
18:48:40.1 (1933646)|HEAP_ALLOCATE|[77]|Bytes:152
18:48:40.1 (1956787)|HEAP_ALLOCATE|[342]|Bytes:408
18:48:40.1 (1978400)|HEAP_ALLOCATE|[355]|Bytes:408
18:48:40.1 (1997679)|HEAP_ALLOCATE|[467]|Bytes:48
18:48:40.1 (2031217)|HEAP_ALLOCATE|[139]|Bytes:6
18:48:40.1 (2064724)|HEAP_ALLOCATE|[EXTERNAL]|Bytes:5
18:48:40.1 (2226520)|STATEMENT_EXECUTE|[1]
18:48:40.1 (2243002)|STATEMENT_EXECUTE|[1]
18:48:40.1 (2248367)|HEAP_ALLOCATE|[1]|Bytes:68
18:48:40.1 (2269985)|HEAP_ALLOCATE|[1]|Bytes:4
18:48:40.1 (2317035)|HEAP_ALLOCATE|[50]|Bytes:5
18:48:40.1 (2340874)|HEAP_ALLOCATE|[56]|Bytes:5
18:48:40.1 (2351222)|HEAP_ALLOCATE|[64]|Bytes:7
18:48:40.1 (2786823)|SOQL_EXECUTE_BEGIN|[1]|Aggregations:0|SELECT id FROM task WHERE subject = 'Follow up on shipped order 105'
18:48:40.1 (6747009)|SOQL_EXECUTE_END|[1]|Rows:0
18:48:40.1 (6811767)|HEAP_ALLOCATE|[1]|Bytes:4
18:48:40.1 (6824783)|HEAP_ALLOCATE|[1]|Bytes:0
18:48:40.1 (6870083)|HEAP_ALLOCATE|[1]|Bytes:4
18:48:40.1 (7002028)|VARIABLE_ASSIGNMENT|[1]|tasks|[]|0x52817429
18:48:40.1 (7013512)|STATEMENT_EXECUTE|[2]
18:48:40.1 (7218229)|EXCEPTION_THROWN|[2]|System.AssertException: Assertion Failed
18:48:40.1 (7667506)|HEAP_ALLOCATE|[2]|Bytes:20
18:48:40.1 (7960275)|FATAL_ERROR|System.AssertException: Assertion Failed

AnonymousBlock: line 2, column 1
18:48:40.8 (8224103)|CUMULATIVE_LIMIT_USAGE
18:48:40.8 (8224103)|LIMIT_USAGE_FOR_NS|(default)|
  Number of SOQL queries: 1 out of 100
  Number of query rows: 0 out of 50000
  Number of SOSL queries: 0 out of 20
  Number of DML statements: 0 out of 150
  Number of DML rows: 0 out of 10000
  Maximum CPU time: 0 out of 10000
  Maximum heap size: 0 out of 6000000
  Number of callouts: 0 out of 100
  Number of Email Invocations: 0 out of 10
  Number of future calls: 0 out of 50
  Number of queueable jobs added to the queue: 0 out of 50
  Number of Mobile Apex push calls: 0 out of 10

18:48:40.8 (8224103)|CUMULATIVE_LIMIT_USAGE_END

18:48:40.1 (8286507)|CODE_UNIT_FINISHED|execute_anonymous_apex
18:48:40.1 (9448704)|EXECUTION_FINISHED
