36.0 APEX_CODE,FINEST;APEX_PROFILING,INFO;CALLOUT,INFO;DB,INFO;SYSTEM,DEBUG;VALIDATION,INFO;VISUALFORCE,INFO;WAVE,INFO;WORKFLOW,INFO
Execute Anonymous: List<Task> tasks = [select id from task where subject = 'Follow up on shipped order 105'];
Execute Anonymous: System.assert(tasks.size() > 0);
Execute Anonymous: delete tasks;
18:28:04.1 (1234106)|USER_INFO|[EXTERNAL]|00590000002m6GC|pratsaxena@prateek.com|India Standard Time|GMT+05:30
18:28:04.1 (1263796)|EXECUTION_STARTED
18:28:04.1 (1270647)|CODE_UNIT_STARTED|[EXTERNAL]|execute_anonymous_apex
18:28:04.1 (1507581)|VARIABLE_SCOPE_BEGIN|[1]|tasks|List<Task>|true|false
18:28:04.1 (1863516)|HEAP_ALLOCATE|[72]|Bytes:3
18:28:04.1 (1926537)|HEAP_ALLOCATE|[77]|Bytes:152
18:28:04.1 (1950652)|HEAP_ALLOCATE|[342]|Bytes:408
18:28:04.1 (1984596)|HEAP_ALLOCATE|[355]|Bytes:408
18:28:04.1 (2008648)|HEAP_ALLOCATE|[467]|Bytes:48
18:28:04.1 (2050312)|HEAP_ALLOCATE|[139]|Bytes:6
18:28:04.1 (2082933)|HEAP_ALLOCATE|[EXTERNAL]|Bytes:5
18:28:04.1 (2271090)|STATEMENT_EXECUTE|[1]
18:28:04.1 (2276162)|STATEMENT_EXECUTE|[1]
18:28:04.1 (2302386)|HEAP_ALLOCATE|[1]|Bytes:68
18:28:04.1 (2331000)|HEAP_ALLOCATE|[1]|Bytes:4
18:28:04.1 (2382013)|HEAP_ALLOCATE|[50]|Bytes:5
18:28:04.1 (2409646)|HEAP_ALLOCATE|[56]|Bytes:5
18:28:04.1 (2420652)|HEAP_ALLOCATE|[64]|Bytes:7
18:28:04.1 (2824209)|SOQL_EXECUTE_BEGIN|[1]|Aggregations:0|SELECT id FROM task WHERE subject = 'Follow up on shipped order 105'
18:28:04.1 (6607024)|SOQL_EXECUTE_END|[1]|Rows:0
18:28:04.1 (6638219)|HEAP_ALLOCATE|[1]|Bytes:4
18:28:04.1 (6650426)|HEAP_ALLOCATE|[1]|Bytes:0
18:28:04.1 (6699360)|HEAP_ALLOCATE|[1]|Bytes:4
18:28:04.1 (6738472)|VARIABLE_ASSIGNMENT|[1]|tasks|[]|0x2a0400fd
18:28:04.1 (6747200)|STATEMENT_EXECUTE|[2]
18:28:04.1 (6890140)|EXCEPTION_THROWN|[2]|System.AssertException: Assertion Failed
18:28:04.1 (7140749)|HEAP_ALLOCATE|[2]|Bytes:20
18:28:04.1 (7236760)|FATAL_ERROR|System.AssertException: Assertion Failed

AnonymousBlock: line 2, column 1
18:28:04.7 (7279518)|CUMULATIVE_LIMIT_USAGE
18:28:04.7 (7279518)|LIMIT_USAGE_FOR_NS|(default)|
  Number of SOQL queries: 1 out of 100
  Number of query rows: 0 out of 50000
  Number of SOSL queries: 0 out of 20
  Number of DML statements: 0 out of 150
  Number of DML rows: 0 out of 10000
  Maximum CPU time: 0 out of 10000
  Maximum heap size: 0 out of 6000000
  Number of callouts: 0 out of 100
  Number of Email Invocations: 0 out of 10
  Number of future calls: 0 out of 50
  Number of queueable jobs added to the queue: 0 out of 50
  Number of Mobile Apex push calls: 0 out of 10

18:28:04.7 (7279518)|CUMULATIVE_LIMIT_USAGE_END

18:28:04.1 (7314855)|CODE_UNIT_FINISHED|execute_anonymous_apex
18:28:04.1 (8178126)|EXECUTION_FINISHED
