42.0 APEX_CODE,FINEST;APEX_PROFILING,INFO;CALLOUT,INFO;DB,INFO;SYSTEM,DEBUG;VALIDATION,INFO;VISUALFORCE,INFO;WAVE,INFO;WORKFLOW,INFO
18:43:58.3 (3116441)|USER_INFO|[EXTERNAL]|00590000002m6GC|pratsaxena@prateek.com|India Standard Time|GMT+05:30
18:43:58.3 (3543119)|EXECUTION_STARTED
18:43:58.3 (3580639)|CODE_UNIT_STARTED|[EXTERNAL]|01p900000074l1a|PlatformEventTest.testMethod1
18:43:58.3 (6473577)|HEAP_ALLOCATE|[72]|Bytes:3
18:43:58.3 (6647720)|HEAP_ALLOCATE|[77]|Bytes:152
18:43:58.3 (6856004)|HEAP_ALLOCATE|[342]|Bytes:408
18:43:58.3 (7040174)|HEAP_ALLOCATE|[355]|Bytes:408
18:43:58.3 (7150511)|HEAP_ALLOCATE|[467]|Bytes:48
18:43:58.3 (7274848)|HEAP_ALLOCATE|[139]|Bytes:6
18:43:58.3 (7322782)|HEAP_ALLOCATE|[EXTERNAL]|Bytes:17
18:43:58.3 (7409877)|METHOD_ENTRY|[2]|01p900000074l1a|PlatformEventTest.PlatformEventTest()
18:43:58.3 (7450374)|STATEMENT_EXECUTE|[2]
18:43:58.3 (7573548)|STATEMENT_EXECUTE|[2]
18:43:58.3 (7606052)|METHOD_EXIT|[2]|PlatformEventTest
18:43:58.3 (7775760)|HEAP_ALLOCATE|[50]|Bytes:5
18:43:58.3 (7813188)|HEAP_ALLOCATE|[56]|Bytes:5
18:43:58.3 (7849232)|HEAP_ALLOCATE|[64]|Bytes:7
18:43:58.3 (8068864)|STATEMENT_EXECUTE|[4]
18:43:58.3 (8084149)|STATEMENT_EXECUTE|[5]
18:43:58.3 (8265194)|HEAP_ALLOCATE|[5]|Bytes:4
18:43:58.3 (8690427)|VARIABLE_ASSIGNMENT|[5]|this.Has_Shipped__c|true|0x111ffd49
18:43:58.3 (8713954)|HEAP_ALLOCATE|[5]|Bytes:6
18:43:58.3 (8884192)|VARIABLE_ASSIGNMENT|[5]|this.Order_Number__c|"123456"|0x111ffd49
18:43:58.3 (8944538)|VARIABLE_SCOPE_BEGIN|[5]|orderEvent|Order_Event__e|true|false
18:43:58.3 (9022932)|VARIABLE_ASSIGNMENT|[5]|orderEvent|{"Has_Shipped__c":true,"Order_Number__c":"123456"}|0x111ffd49
18:43:58.3 (9037862)|STATEMENT_EXECUTE|[7]
18:43:58.3 (9125278)|HEAP_ALLOCATE|[7]|Bytes:63
18:43:58.3 (9181187)|SYSTEM_METHOD_ENTRY|[1]|Test.Test()
18:43:58.3 (9190703)|STATEMENT_EXECUTE|[1]
18:43:58.3 (9222968)|SYSTEM_METHOD_EXIT|[1]|Test
18:43:58.3 (9339930)|METHOD_ENTRY|[7]||System.Test.startTest()
18:43:58.3 (43578813)|METHOD_EXIT|[7]||System.Test.startTest()
18:43:58.3 (43632390)|STATEMENT_EXECUTE|[9]
18:43:58.3 (44109976)|HEAP_ALLOCATE|[9]|Bytes:8
18:43:58.3 (44355496)|DML_BEGIN|[9]|Op:Insert|Type:Order_Event__e|Rows:1
18:43:58.3 (44705644)|HEAP_ALLOCATE|[EXTERNAL]|Bytes:8
18:43:58.3 (185606374)|DML_END|[9]
18:43:58.3 (185769656)|HEAP_ALLOCATE|[9]|Bytes:4
18:43:58.3 (185862455)|VARIABLE_SCOPE_BEGIN|[9]|sr|Database.SaveResult|true|false
18:43:58.3 (186083194)|VARIABLE_ASSIGNMENT|[9]|sr|{"success":true,"id":"e00xx0000000001AAA"}|0x2a4d4af3
18:43:58.3 (186113738)|STATEMENT_EXECUTE|[10]
18:43:58.3 (186163918)|METHOD_ENTRY|[10]||System.Test.stopTest()
18:43:58.3 (295655483)|CODE_UNIT_STARTED|[EXTERNAL]|01q90000000p7Xg|OrderEventTrigger on Order_Event trigger event AfterInsert
18:43:58.3 (295797164)|HEAP_ALLOCATE|[EXTERNAL]|Bytes:8
18:43:58.3 (296172578)|HEAP_ALLOCATE|[EXTERNAL]|Bytes:16
18:43:58.3 (296295980)|VARIABLE_SCOPE_BEGIN|[1]|this|OrderEventTrigger|true|false
18:43:58.3 (296958208)|VARIABLE_ASSIGNMENT|[1]|this|{}|0x6c2c881e
18:43:58.3 (297304865)|HEAP_ALLOCATE|[EXTERNAL]|Bytes:16
18:43:58.3 (298032667)|VARIABLE_SCOPE_BEGIN|[1]|this|OrderEventTrigger|true|false
18:43:58.3 (298113327)|VARIABLE_ASSIGNMENT|[1]|this|{}|0x6c2c881e
18:43:58.3 (298144731)|STATEMENT_EXECUTE|[1]
18:43:58.3 (298150340)|STATEMENT_EXECUTE|[3]
18:43:58.3 (298204071)|HEAP_ALLOCATE|[3]|Bytes:4
18:43:58.3 (298368247)|HEAP_ALLOCATE|[EXTERNAL]|Bytes:4
18:43:58.3 (298422126)|VARIABLE_ASSIGNMENT|[3]|this.taskList|[]|0x6c2c881e
18:43:58.3 (298434202)|STATEMENT_EXECUTE|[4]
18:43:58.3 (298461753)|VARIABLE_ASSIGNMENT|[4]|this.eventTask|null|0x6c2c881e
18:43:58.3 (298470849)|STATEMENT_EXECUTE|[6]
18:43:58.3 (298476523)|HEAP_ALLOCATE|[6]|Bytes:57
18:43:58.3 (298499089)|HEAP_ALLOCATE|[6]|Bytes:4
18:43:58.3 (298735509)|SOQL_EXECUTE_BEGIN|[6]|Aggregations:0|SELECT Id FROM User WHERE Name = 'Prateek Saxena' LIMIT 1
18:43:58.3 (308023744)|SOQL_EXECUTE_END|[6]|Rows:1
18:43:58.3 (308243342)|HEAP_ALLOCATE|[6]|Bytes:8
18:43:58.3 (308283702)|HEAP_ALLOCATE|[6]|Bytes:29
18:43:58.3 (308371375)|HEAP_ALLOCATE|[6]|Bytes:8
18:43:58.3 (308412375)|HEAP_ALLOCATE|[6]|Bytes:30
18:43:58.3 (308487321)|HEAP_ALLOCATE|[6]|Bytes:8
18:43:58.3 (308569424)|VARIABLE_ASSIGNMENT|[6]|this.usr|{"Id":"00590000002m6GCAAY"}|0x6c2c881e
18:43:58.3 (308930917)|HEAP_ALLOCATE|[8]|Bytes:5
18:43:58.3 (309107616)|VARIABLE_SCOPE_BEGIN|[8]|orderEvent|Order_Event__e|true|false
18:43:58.3 (309505740)|VARIABLE_ASSIGNMENT|[8]|orderEvent|{"CreatedById":"00590000002m6GCAAY","Has_Shipped__c":true,"ReplayId":"1","CreatedDate":"2018-04-26T13:13:58.000Z","Order_Number__c":"123456","Id":"e00xx0000000001AAA"}|0x2d0a939c
18:43:58.3 (309536523)|STATEMENT_EXECUTE|[8]
18:43:58.3 (309614840)|STATEMENT_EXECUTE|[10]
18:43:58.3 (309620705)|STATEMENT_EXECUTE|[11]
18:43:58.3 (309653321)|HEAP_ALLOCATE|[11]|Bytes:4
18:43:58.3 (309788864)|VARIABLE_ASSIGNMENT|[11]|this.eventTask|{}|0x6c2c881e
18:43:58.3 (309800188)|STATEMENT_EXECUTE|[12]
18:43:58.3 (309806201)|HEAP_ALLOCATE|[12]|Bytes:6
18:43:58.3 (309903716)|VARIABLE_ASSIGNMENT|[12]|this.Priority|"Medium"|0x21b76b50
18:43:58.3 (309914492)|STATEMENT_EXECUTE|[13]
18:43:58.3 (309920197)|HEAP_ALLOCATE|[13]|Bytes:3
18:43:58.3 (310359626)|VARIABLE_ASSIGNMENT|[13]|this.Status|"New"|0x21b76b50
18:43:58.3 (310373527)|STATEMENT_EXECUTE|[14]
18:43:58.3 (310379553)|HEAP_ALLOCATE|[14]|Bytes:26
18:43:58.3 (310428829)|HEAP_ALLOCATE|[14]|Bytes:32
18:43:58.3 (310478209)|VARIABLE_ASSIGNMENT|[14]|this.Subject|"Follow up on shipped (12 more) ..."|0x21b76b50
18:43:58.3 (310488234)|STATEMENT_EXECUTE|[15]
18:43:58.3 (310547330)|VARIABLE_ASSIGNMENT|[15]|this.OwnerId|"00590000002m6GCAAY"|0x21b76b50
18:43:58.3 (310556690)|STATEMENT_EXECUTE|[16]
18:43:58.3 (310724232)|HEAP_ALLOCATE|[EXTERNAL]|Bytes:4
18:43:58.3 (310761449)|HEAP_ALLOCATE|[8]|Bytes:5
18:43:58.3 (310788570)|VARIABLE_ASSIGNMENT|[8]|orderEvent|null|
18:43:58.3 (310797135)|STATEMENT_EXECUTE|[21]
18:43:58.3 (310896670)|DML_BEGIN|[21]|Op:Insert|Type:Task|Rows:1
18:43:58.3 (310953120)|HEAP_ALLOCATE|[EXTERNAL]|Bytes:8
18:43:58.3 (358698236)|DML_END|[21]
18:43:58.3 (358780145)|HEAP_ALLOCATE|[EXTERNAL]|Bytes:8
18:43:58.358 (358865937)|CUMULATIVE_LIMIT_USAGE
18:43:58.358 (358865937)|LIMIT_USAGE_FOR_NS|(default)|
  Number of SOQL queries: 1 out of 100
  Number of query rows: 1 out of 50000
  Number of SOSL queries: 0 out of 20
  Number of DML statements: 1 out of 150
  Number of DML rows: 1 out of 10000
  Maximum CPU time: 0 out of 10000
  Maximum heap size: 0 out of 6000000
  Number of callouts: 0 out of 100
  Number of Email Invocations: 0 out of 10
  Number of future calls: 0 out of 50
  Number of queueable jobs added to the queue: 0 out of 50
  Number of Mobile Apex push calls: 0 out of 10

18:43:58.358 (358865937)|CUMULATIVE_LIMIT_USAGE_END

18:43:58.3 (360418655)|CODE_UNIT_FINISHED|OrderEventTrigger on Order_Event trigger event AfterInsert
18:43:58.3 (390115835)|METHOD_EXIT|[10]||System.Test.stopTest()
18:43:58.3 (390149329)|STATEMENT_EXECUTE|[12]
18:43:58.3 (390507689)|STATEMENT_EXECUTE|[14]
18:43:58.3 (390523941)|HEAP_ALLOCATE|[14]|Bytes:19
18:43:58.3 (390561021)|HEAP_ALLOCATE|[14]|Bytes:4
18:43:58.3 (390801880)|SOQL_EXECUTE_BEGIN|[14]|Aggregations:0|SELECT Id FROM Task
18:43:58.3 (399115770)|SOQL_EXECUTE_END|[14]|Rows:1
18:43:58.3 (399195448)|HEAP_ALLOCATE|[14]|Bytes:8
18:43:58.3 (399216966)|HEAP_ALLOCATE|[14]|Bytes:29
18:43:58.3 (399255739)|HEAP_ALLOCATE|[14]|Bytes:8
18:43:58.3 (399302566)|VARIABLE_SCOPE_BEGIN|[14]|tasksList|List<Task>|true|false
18:43:58.3 (399357213)|VARIABLE_ASSIGNMENT|[14]|tasksList|[{"Id":"00T9000004MayhjEAB"}]|0x485a60b
18:43:58.3 (399369650)|STATEMENT_EXECUTE|[17]
18:43:58.399 (399542701)|CUMULATIVE_LIMIT_USAGE
18:43:58.399 (399542701)|LIMIT_USAGE_FOR_NS|(default)|
  Number of SOQL queries: 1 out of 100
  Number of query rows: 1 out of 50000
  Number of SOSL queries: 0 out of 20
  Number of DML statements: 0 out of 150
  Number of DML rows: 0 out of 10000
  Maximum CPU time: 0 out of 10000
  Maximum heap size: 0 out of 6000000
  Number of callouts: 0 out of 100
  Number of Email Invocations: 0 out of 10
  Number of future calls: 0 out of 50
  Number of queueable jobs added to the queue: 0 out of 50
  Number of Mobile Apex push calls: 0 out of 10

18:43:58.399 (399542701)|TESTING_LIMITS
18:43:58.399 (399542701)|LIMIT_USAGE_FOR_NS|(default)|
  Number of SOQL queries: 0 out of 100
  Number of query rows: 0 out of 50000
  Number of SOSL queries: 0 out of 20
  Number of DML statements: 1 out of 150
  Number of DML rows: 1 out of 10000
  Maximum CPU time: 0 out of 10000
  Maximum heap size: 0 out of 6000000
  Number of callouts: 0 out of 100
  Number of Email Invocations: 0 out of 10
  Number of future calls: 0 out of 50
  Number of queueable jobs added to the queue: 0 out of 50
  Number of Mobile Apex push calls: 0 out of 10

18:43:58.399 (399542701)|CUMULATIVE_LIMIT_USAGE_END

18:43:58.3 (399917762)|CODE_UNIT_FINISHED|PlatformEventTest.testMethod1
18:43:58.3 (400759007)|EXECUTION_FINISHED
