42.0 APEX_CODE,FINEST;APEX_PROFILING,INFO;CALLOUT,INFO;DB,INFO;SYSTEM,DEBUG;VALIDATION,INFO;VISUALFORCE,INFO;WAVE,INFO;WORKFLOW,INFO
18:27:12.2 (2025219)|USER_INFO|[EXTERNAL]|00590000002m6GC|pratsaxena@prateek.com|India Standard Time|GMT+05:30
18:27:12.2 (2120450)|EXECUTION_STARTED
18:27:12.2 (2125932)|CODE_UNIT_STARTED|[EXTERNAL]|01p900000074l1a|PlatformEventTest.testMethod1
18:27:12.2 (2366380)|HEAP_ALLOCATE|[72]|Bytes:3
18:27:12.2 (2405853)|HEAP_ALLOCATE|[77]|Bytes:152
18:27:12.2 (2438287)|HEAP_ALLOCATE|[342]|Bytes:408
18:27:12.2 (2466124)|HEAP_ALLOCATE|[355]|Bytes:408
18:27:12.2 (2490162)|HEAP_ALLOCATE|[467]|Bytes:48
18:27:12.2 (2533198)|HEAP_ALLOCATE|[139]|Bytes:6
18:27:12.2 (2557293)|HEAP_ALLOCATE|[EXTERNAL]|Bytes:17
18:27:12.2 (2583256)|METHOD_ENTRY|[2]|01p900000074l1a|PlatformEventTest.PlatformEventTest()
18:27:12.2 (2593188)|STATEMENT_EXECUTE|[2]
18:27:12.2 (2599914)|STATEMENT_EXECUTE|[2]
18:27:12.2 (2606961)|METHOD_EXIT|[2]|PlatformEventTest
18:27:12.2 (2750636)|HEAP_ALLOCATE|[50]|Bytes:5
18:27:12.2 (2779230)|HEAP_ALLOCATE|[56]|Bytes:5
18:27:12.2 (2792248)|HEAP_ALLOCATE|[64]|Bytes:7
18:27:12.2 (2841257)|STATEMENT_EXECUTE|[4]
18:27:12.2 (2844468)|STATEMENT_EXECUTE|[5]
18:27:12.2 (2913759)|HEAP_ALLOCATE|[5]|Bytes:4
18:27:12.2 (3082544)|VARIABLE_ASSIGNMENT|[5]|this.Has_Shipped__c|true|0x6db0498d
18:27:12.2 (3098403)|HEAP_ALLOCATE|[5]|Bytes:6
18:27:12.2 (3135459)|VARIABLE_ASSIGNMENT|[5]|this.Order_Number__c|"123456"|0x6db0498d
18:27:12.2 (3177698)|VARIABLE_SCOPE_BEGIN|[5]|orderEvent|Order_Event__e|true|false
18:27:12.2 (3208293)|VARIABLE_ASSIGNMENT|[5]|orderEvent|{"Has_Shipped__c":true,"Order_Number__c":"123456"}|0x6db0498d
18:27:12.2 (3218872)|STATEMENT_EXECUTE|[7]
18:27:12.2 (3265441)|HEAP_ALLOCATE|[7]|Bytes:63
18:27:12.2 (3280903)|SYSTEM_METHOD_ENTRY|[1]|Test.Test()
18:27:12.2 (3287195)|STATEMENT_EXECUTE|[1]
18:27:12.2 (3297424)|SYSTEM_METHOD_EXIT|[1]|Test
18:27:12.2 (3316885)|METHOD_ENTRY|[7]||System.Test.startTest()
18:27:12.2 (5210849)|METHOD_EXIT|[7]||System.Test.startTest()
18:27:12.2 (5226054)|STATEMENT_EXECUTE|[9]
18:27:12.2 (5269668)|HEAP_ALLOCATE|[9]|Bytes:8
18:27:12.2 (5281540)|DML_BEGIN|[9]|Op:Insert|Type:Order_Event__e|Rows:1
18:27:12.2 (5330518)|HEAP_ALLOCATE|[EXTERNAL]|Bytes:8
18:27:12.2 (141228247)|DML_END|[9]
18:27:12.2 (141321450)|HEAP_ALLOCATE|[9]|Bytes:4
18:27:12.2 (141389405)|VARIABLE_SCOPE_BEGIN|[9]|sr|Database.SaveResult|true|false
18:27:12.2 (141446011)|VARIABLE_ASSIGNMENT|[9]|sr|{"success":true,"id":"e00xx0000000001AAA"}|0x578cf212
18:27:12.2 (141459964)|STATEMENT_EXECUTE|[10]
18:27:12.2 (141486969)|METHOD_ENTRY|[10]||System.Test.stopTest()
18:27:12.2 (333092933)|CODE_UNIT_STARTED|[EXTERNAL]|01q90000000p7Xg|OrderEventTrigger on Order_Event trigger event AfterInsert
18:27:12.2 (333192093)|HEAP_ALLOCATE|[EXTERNAL]|Bytes:8
18:27:12.2 (333486354)|HEAP_ALLOCATE|[EXTERNAL]|Bytes:16
18:27:12.2 (333506385)|VARIABLE_SCOPE_BEGIN|[1]|this|OrderEventTrigger|true|false
18:27:12.2 (333599360)|VARIABLE_ASSIGNMENT|[1]|this|{}|0x749561c9
18:27:12.2 (333680791)|HEAP_ALLOCATE|[EXTERNAL]|Bytes:16
18:27:12.2 (333694519)|VARIABLE_SCOPE_BEGIN|[1]|this|OrderEventTrigger|true|false
18:27:12.2 (333716428)|VARIABLE_ASSIGNMENT|[1]|this|{}|0x749561c9
18:27:12.2 (333724642)|STATEMENT_EXECUTE|[1]
18:27:12.2 (333727165)|STATEMENT_EXECUTE|[3]
18:27:12.2 (333772640)|HEAP_ALLOCATE|[3]|Bytes:4
18:27:12.2 (333882517)|HEAP_ALLOCATE|[EXTERNAL]|Bytes:4
18:27:12.2 (333896401)|VARIABLE_ASSIGNMENT|[3]|this.taskList|[]|0x749561c9
18:27:12.2 (333902090)|STATEMENT_EXECUTE|[4]
18:27:12.2 (333910933)|VARIABLE_ASSIGNMENT|[4]|this.eventTask|null|0x749561c9
18:27:12.2 (333916188)|STATEMENT_EXECUTE|[6]
18:27:12.2 (333920073)|HEAP_ALLOCATE|[6]|Bytes:57
18:27:12.2 (333934854)|HEAP_ALLOCATE|[6]|Bytes:4
18:27:12.2 (335422883)|SOQL_EXECUTE_BEGIN|[6]|Aggregations:0|SELECT Id FROM User WHERE Name = 'Prateek Saxena' LIMIT 1
18:27:12.2 (342363914)|SOQL_EXECUTE_END|[6]|Rows:1
18:27:12.2 (342398996)|HEAP_ALLOCATE|[6]|Bytes:8
18:27:12.2 (342413100)|HEAP_ALLOCATE|[6]|Bytes:29
18:27:12.2 (342466785)|HEAP_ALLOCATE|[6]|Bytes:8
18:27:12.2 (342490321)|HEAP_ALLOCATE|[6]|Bytes:30
18:27:12.2 (342553396)|HEAP_ALLOCATE|[6]|Bytes:8
18:27:12.2 (342603179)|VARIABLE_ASSIGNMENT|[6]|this.usr|{"Id":"00590000002m6GCAAY"}|0x749561c9
18:27:12.2 (342915980)|HEAP_ALLOCATE|[8]|Bytes:5
18:27:12.2 (342957220)|VARIABLE_SCOPE_BEGIN|[8]|orderEvent|Order_Event__e|true|false
18:27:12.2 (343106239)|VARIABLE_ASSIGNMENT|[8]|orderEvent|{"CreatedById":"00590000002m6GCAAY","Has_Shipped__c":true,"ReplayId":"1","CreatedDate":"2018-04-26T12:57:12.000Z","Order_Number__c":"123456","Id":"e00xx0000000001AAA"}|0x393d8d2e
18:27:12.2 (343124192)|STATEMENT_EXECUTE|[8]
18:27:12.2 (343156788)|STATEMENT_EXECUTE|[10]
18:27:12.2 (343159929)|STATEMENT_EXECUTE|[11]
18:27:12.2 (343189579)|HEAP_ALLOCATE|[11]|Bytes:4
18:27:12.2 (343305415)|VARIABLE_ASSIGNMENT|[11]|this.eventTask|{}|0x749561c9
18:27:12.2 (343315932)|STATEMENT_EXECUTE|[12]
18:27:12.2 (343319679)|HEAP_ALLOCATE|[12]|Bytes:6
18:27:12.2 (343407774)|VARIABLE_ASSIGNMENT|[12]|this.Priority|"Medium"|0x5f014be5
18:27:12.2 (343415183)|STATEMENT_EXECUTE|[13]
18:27:12.2 (343418478)|HEAP_ALLOCATE|[13]|Bytes:3
18:27:12.2 (343450388)|VARIABLE_ASSIGNMENT|[13]|this.Status|"New"|0x5f014be5
18:27:12.2 (343456717)|STATEMENT_EXECUTE|[14]
18:27:12.2 (343459402)|HEAP_ALLOCATE|[14]|Bytes:26
18:27:12.2 (343495764)|HEAP_ALLOCATE|[14]|Bytes:32
18:27:12.2 (343548561)|VARIABLE_ASSIGNMENT|[14]|this.Subject|"Follow up on shipped (12 more) ..."|0x5f014be5
18:27:12.2 (343560736)|STATEMENT_EXECUTE|[15]
18:27:12.2 (343631325)|VARIABLE_ASSIGNMENT|[15]|this.OwnerId|"00590000002m6GCAAY"|0x5f014be5
18:27:12.2 (343638475)|STATEMENT_EXECUTE|[16]
18:27:12.2 (343717957)|HEAP_ALLOCATE|[EXTERNAL]|Bytes:4
18:27:12.2 (343748259)|HEAP_ALLOCATE|[8]|Bytes:5
18:27:12.2 (343771279)|VARIABLE_ASSIGNMENT|[8]|orderEvent|null|
18:27:12.2 (343814753)|STATEMENT_EXECUTE|[21]
18:27:12.2 (343817549)|STATEMENT_EXECUTE|[22]
18:27:12.2 (343877310)|DML_BEGIN|[22]|Op:Insert|Type:Task|Rows:1
18:27:12.2 (343941184)|HEAP_ALLOCATE|[EXTERNAL]|Bytes:8
18:27:12.2 (371154423)|DML_END|[22]
18:27:12.2 (371206940)|HEAP_ALLOCATE|[EXTERNAL]|Bytes:8
18:27:12.371 (371239067)|CUMULATIVE_LIMIT_USAGE
18:27:12.371 (371239067)|LIMIT_USAGE_FOR_NS|(default)|
  Number of SOQL queries: 1 out of 100
  Number of query rows: 1 out of 50000
  Number of SOSL queries: 0 out of 20
  Number of DML statements: 1 out of 150
  Number of DML rows: 1 out of 10000
  Maximum CPU time: 0 out of 10000
  Maximum heap size: 0 out of 6000000
  Number of callouts: 0 out of 100
  Number of Email Invocations: 0 out of 10
  Number of future calls: 0 out of 50
  Number of queueable jobs added to the queue: 0 out of 50
  Number of Mobile Apex push calls: 0 out of 10

18:27:12.371 (371239067)|CUMULATIVE_LIMIT_USAGE_END

18:27:12.2 (372595243)|CODE_UNIT_FINISHED|OrderEventTrigger on Order_Event trigger event AfterInsert
18:27:12.2 (381072049)|METHOD_EXIT|[10]||System.Test.stopTest()
18:27:12.2 (381090952)|STATEMENT_EXECUTE|[12]
18:27:12.2 (381187333)|STATEMENT_EXECUTE|[14]
18:27:12.2 (381194434)|HEAP_ALLOCATE|[14]|Bytes:19
18:27:12.2 (381217696)|HEAP_ALLOCATE|[14]|Bytes:4
18:27:12.2 (381389729)|SOQL_EXECUTE_BEGIN|[14]|Aggregations:0|SELECT Id FROM Task
18:27:12.2 (388662427)|SOQL_EXECUTE_END|[14]|Rows:1
18:27:12.2 (388701149)|HEAP_ALLOCATE|[14]|Bytes:8
18:27:12.2 (388717887)|HEAP_ALLOCATE|[14]|Bytes:29
18:27:12.2 (388759187)|HEAP_ALLOCATE|[14]|Bytes:8
18:27:12.2 (388782875)|VARIABLE_SCOPE_BEGIN|[14]|tasksList|List<Task>|true|false
18:27:12.2 (388825503)|VARIABLE_ASSIGNMENT|[14]|tasksList|[{"Id":"00T9000004MayJdEAJ"}]|0x462742d5
18:27:12.2 (388838922)|STATEMENT_EXECUTE|[17]
18:27:12.388 (388926760)|CUMULATIVE_LIMIT_USAGE
18:27:12.388 (388926760)|LIMIT_USAGE_FOR_NS|(default)|
  Number of SOQL queries: 1 out of 100
  Number of query rows: 1 out of 50000
  Number of SOSL queries: 0 out of 20
  Number of DML statements: 0 out of 150
  Number of DML rows: 0 out of 10000
  Maximum CPU time: 0 out of 10000
  Maximum heap size: 0 out of 6000000
  Number of callouts: 0 out of 100
  Number of Email Invocations: 0 out of 10
  Number of future calls: 0 out of 50
  Number of queueable jobs added to the queue: 0 out of 50
  Number of Mobile Apex push calls: 0 out of 10

18:27:12.388 (388926760)|TESTING_LIMITS
18:27:12.388 (388926760)|LIMIT_USAGE_FOR_NS|(default)|
  Number of SOQL queries: 0 out of 100
  Number of query rows: 0 out of 50000
  Number of SOSL queries: 0 out of 20
  Number of DML statements: 1 out of 150
  Number of DML rows: 1 out of 10000
  Maximum CPU time: 0 out of 10000
  Maximum heap size: 0 out of 6000000
  Number of callouts: 0 out of 100
  Number of Email Invocations: 0 out of 10
  Number of future calls: 0 out of 50
  Number of queueable jobs added to the queue: 0 out of 50
  Number of Mobile Apex push calls: 0 out of 10

18:27:12.388 (388926760)|CUMULATIVE_LIMIT_USAGE_END

18:27:12.2 (388978119)|CODE_UNIT_FINISHED|PlatformEventTest.testMethod1
18:27:12.2 (389861671)|EXECUTION_FINISHED
