36.0 APEX_CODE,FINEST;APEX_PROFILING,INFO;CALLOUT,INFO;DB,INFO;SYSTEM,DEBUG;VALIDATION,INFO;VISUALFORCE,INFO;WAVE,INFO;WORKFLOW,INFO
Execute Anonymous: List<Task> tasks = [select id from task where subject = 'Follow up on shipped order 105'];
Execute Anonymous: System.assert(tasks.size() > 0);
Execute Anonymous: delete tasks;
18:28:21.1 (1001316)|USER_INFO|[EXTERNAL]|00590000002m6GC|pratsaxena@prateek.com|India Standard Time|GMT+05:30
18:28:21.1 (1026165)|EXECUTION_STARTED
18:28:21.1 (1030758)|CODE_UNIT_STARTED|[EXTERNAL]|execute_anonymous_apex
18:28:21.1 (1256824)|VARIABLE_SCOPE_BEGIN|[1]|tasks|List<Task>|true|false
18:28:21.1 (1372818)|HEAP_ALLOCATE|[72]|Bytes:3
18:28:21.1 (1409154)|HEAP_ALLOCATE|[77]|Bytes:152
18:28:21.1 (1428311)|HEAP_ALLOCATE|[342]|Bytes:408
18:28:21.1 (1452823)|HEAP_ALLOCATE|[355]|Bytes:408
18:28:21.1 (1473479)|HEAP_ALLOCATE|[467]|Bytes:48
18:28:21.1 (1506626)|HEAP_ALLOCATE|[139]|Bytes:6
18:28:21.1 (1538042)|HEAP_ALLOCATE|[EXTERNAL]|Bytes:5
18:28:21.1 (1652287)|STATEMENT_EXECUTE|[1]
18:28:21.1 (1656343)|STATEMENT_EXECUTE|[1]
18:28:21.1 (1661330)|HEAP_ALLOCATE|[1]|Bytes:68
18:28:21.1 (1685955)|HEAP_ALLOCATE|[1]|Bytes:4
18:28:21.1 (1724937)|HEAP_ALLOCATE|[50]|Bytes:5
18:28:21.1 (1743946)|HEAP_ALLOCATE|[56]|Bytes:5
18:28:21.1 (1751801)|HEAP_ALLOCATE|[64]|Bytes:7
18:28:21.1 (2005584)|SOQL_EXECUTE_BEGIN|[1]|Aggregations:0|SELECT id FROM task WHERE subject = 'Follow up on shipped order 105'
18:28:21.1 (5531137)|SOQL_EXECUTE_END|[1]|Rows:0
18:28:21.1 (5563494)|HEAP_ALLOCATE|[1]|Bytes:4
18:28:21.1 (5577636)|HEAP_ALLOCATE|[1]|Bytes:0
18:28:21.1 (5630366)|HEAP_ALLOCATE|[1]|Bytes:4
18:28:21.1 (5673131)|VARIABLE_ASSIGNMENT|[1]|tasks|[]|0x6c099403
18:28:21.1 (5684058)|STATEMENT_EXECUTE|[2]
18:28:21.1 (5849728)|EXCEPTION_THROWN|[2]|System.AssertException: Assertion Failed
18:28:21.1 (6037039)|HEAP_ALLOCATE|[2]|Bytes:20
18:28:21.1 (6114090)|FATAL_ERROR|System.AssertException: Assertion Failed

AnonymousBlock: line 2, column 1
18:28:21.6 (6150672)|CUMULATIVE_LIMIT_USAGE
18:28:21.6 (6150672)|LIMIT_USAGE_FOR_NS|(default)|
  Number of SOQL queries: 1 out of 100
  Number of query rows: 0 out of 50000
  Number of SOSL queries: 0 out of 20
  Number of DML statements: 0 out of 150
  Number of DML rows: 0 out of 10000
  Maximum CPU time: 0 out of 10000
  Maximum heap size: 0 out of 6000000
  Number of callouts: 0 out of 100
  Number of Email Invocations: 0 out of 10
  Number of future calls: 0 out of 50
  Number of queueable jobs added to the queue: 0 out of 50
  Number of Mobile Apex push calls: 0 out of 10

18:28:21.6 (6150672)|CUMULATIVE_LIMIT_USAGE_END

18:28:21.1 (6184479)|CODE_UNIT_FINISHED|execute_anonymous_apex
18:28:21.1 (6988809)|EXECUTION_FINISHED
