36.0 APEX_CODE,FINEST;APEX_PROFILING,INFO;CALLOUT,INFO;DB,INFO;SYSTEM,DEBUG;VALIDATION,INFO;VISUALFORCE,INFO;WAVE,INFO;WORKFLOW,INFO
Execute Anonymous: List<Task> tasks = [select id from task where subject = 'Follow up on shipped order 105'];
Execute Anonymous: System.assert(tasks.size() > 0);
Execute Anonymous: delete tasks;
18:34:37.1 (1529640)|USER_INFO|[EXTERNAL]|00590000002m6GC|pratsaxena@prateek.com|India Standard Time|GMT+05:30
18:34:37.1 (1548556)|EXECUTION_STARTED
18:34:37.1 (1553104)|CODE_UNIT_STARTED|[EXTERNAL]|execute_anonymous_apex
18:34:37.1 (1748989)|VARIABLE_SCOPE_BEGIN|[1]|tasks|List<Task>|true|false
18:34:37.1 (1859984)|HEAP_ALLOCATE|[72]|Bytes:3
18:34:37.1 (1897212)|HEAP_ALLOCATE|[77]|Bytes:152
18:34:37.1 (1910910)|HEAP_ALLOCATE|[342]|Bytes:408
18:34:37.1 (1924757)|HEAP_ALLOCATE|[355]|Bytes:408
18:34:37.1 (1936180)|HEAP_ALLOCATE|[467]|Bytes:48
18:34:37.1 (1961693)|HEAP_ALLOCATE|[139]|Bytes:6
18:34:37.1 (1982731)|HEAP_ALLOCATE|[EXTERNAL]|Bytes:5
18:34:37.1 (2126338)|STATEMENT_EXECUTE|[1]
18:34:37.1 (2130356)|STATEMENT_EXECUTE|[1]
18:34:37.1 (2147001)|HEAP_ALLOCATE|[1]|Bytes:68
18:34:37.1 (2167752)|HEAP_ALLOCATE|[1]|Bytes:4
18:34:37.1 (2211743)|HEAP_ALLOCATE|[50]|Bytes:5
18:34:37.1 (2234012)|HEAP_ALLOCATE|[56]|Bytes:5
18:34:37.1 (2241606)|HEAP_ALLOCATE|[64]|Bytes:7
18:34:37.1 (2478538)|SOQL_EXECUTE_BEGIN|[1]|Aggregations:0|SELECT id FROM task WHERE subject = 'Follow up on shipped order 105'
18:34:37.1 (5882861)|SOQL_EXECUTE_END|[1]|Rows:0
18:34:37.1 (5920769)|HEAP_ALLOCATE|[1]|Bytes:4
18:34:37.1 (5938976)|HEAP_ALLOCATE|[1]|Bytes:0
18:34:37.1 (5995178)|HEAP_ALLOCATE|[1]|Bytes:4
18:34:37.1 (6065873)|VARIABLE_ASSIGNMENT|[1]|tasks|[]|0x62cb3b0a
18:34:37.1 (6079618)|STATEMENT_EXECUTE|[2]
18:34:37.1 (6299879)|EXCEPTION_THROWN|[2]|System.AssertException: Assertion Failed
18:34:37.1 (6695645)|HEAP_ALLOCATE|[2]|Bytes:20
18:34:37.1 (6863346)|FATAL_ERROR|System.AssertException: Assertion Failed

AnonymousBlock: line 2, column 1
18:34:37.6 (6935359)|CUMULATIVE_LIMIT_USAGE
18:34:37.6 (6935359)|LIMIT_USAGE_FOR_NS|(default)|
  Number of SOQL queries: 1 out of 100
  Number of query rows: 0 out of 50000
  Number of SOSL queries: 0 out of 20
  Number of DML statements: 0 out of 150
  Number of DML rows: 0 out of 10000
  Maximum CPU time: 0 out of 10000
  Maximum heap size: 0 out of 6000000
  Number of callouts: 0 out of 100
  Number of Email Invocations: 0 out of 10
  Number of future calls: 0 out of 50
  Number of queueable jobs added to the queue: 0 out of 50
  Number of Mobile Apex push calls: 0 out of 10

18:34:37.6 (6935359)|CUMULATIVE_LIMIT_USAGE_END

18:34:37.1 (6980924)|CODE_UNIT_FINISHED|execute_anonymous_apex
18:34:37.1 (8319129)|EXECUTION_FINISHED
