42.0 APEX_CODE,DEBUG;APEX_PROFILING,INFO;CALLOUT,FINER;DB,INFO;SYSTEM,DEBUG;VALIDATION,INFO;VISUALFORCE,INFO;WAVE,INFO;WORKFLOW,INFO
06:18:34.0 (423330)|USER_INFO|[EXTERNAL]|00590000002qvnQ|autoproc@00d90000000xupheai|Pacific Standard Time|GMT-07:00
06:18:34.0 (479720)|EXECUTION_STARTED
06:18:34.0 (486006)|CODE_UNIT_STARTED|[EXTERNAL]|01q90000000p7Xg|OrderEventTrigger on Order_Event trigger event AfterInsert
06:18:34.0 (1970209)|SOQL_EXECUTE_BEGIN|[6]|Aggregations:0|SELECT Id FROM User WHERE Name = 'Prateek Saxena' LIMIT 1
06:18:34.0 (9635787)|SOQL_EXECUTE_END|[6]|Rows:1
06:18:34.0 (10614417)|DML_BEGIN|[21]|Op:Insert|Type:Task|Rows:1
06:18:34.0 (38157462)|DML_END|[21]
06:18:34.38 (38249896)|CUMULATIVE_LIMIT_USAGE
06:18:34.38 (38249896)|LIMIT_USAGE_FOR_NS|(default)|
  Number of SOQL queries: 1 out of 100
  Number of query rows: 1 out of 50000
  Number of SOSL queries: 0 out of 20
  Number of DML statements: 1 out of 150
  Number of DML rows: 1 out of 10000
  Maximum CPU time: 0 out of 10000
  Maximum heap size: 0 out of 6000000
  Number of callouts: 0 out of 100
  Number of Email Invocations: 0 out of 10
  Number of future calls: 0 out of 50
  Number of queueable jobs added to the queue: 0 out of 50
  Number of Mobile Apex push calls: 0 out of 10

06:18:34.38 (38249896)|CUMULATIVE_LIMIT_USAGE_END

06:18:34.0 (39090406)|CODE_UNIT_FINISHED|OrderEventTrigger on Order_Event trigger event AfterInsert
06:18:34.0 (39825742)|EXECUTION_FINISHED
