42.0 APEX_CODE,FINEST;APEX_PROFILING,INFO;CALLOUT,INFO;DB,INFO;SYSTEM,DEBUG;VALIDATION,INFO;VISUALFORCE,INFO;WAVE,INFO;WORKFLOW,INFO
18:33:52.0 (64993)|USER_INFO|[EXTERNAL]|00590000002m6GC|pratsaxena@prateek.com|India Standard Time|GMT+05:30
18:33:52.0 (138574)|EXECUTION_STARTED
18:33:52.0 (153505)|CODE_UNIT_STARTED|[EXTERNAL]|01p900000074l1a|PlatformEventTest.testMethod1
18:33:52.0 (440543)|HEAP_ALLOCATE|[72]|Bytes:3
18:33:52.0 (487392)|HEAP_ALLOCATE|[77]|Bytes:152
18:33:52.0 (509263)|HEAP_ALLOCATE|[342]|Bytes:408
18:33:52.0 (530464)|HEAP_ALLOCATE|[355]|Bytes:408
18:33:52.0 (550640)|HEAP_ALLOCATE|[467]|Bytes:48
18:33:52.0 (583990)|HEAP_ALLOCATE|[139]|Bytes:6
18:33:52.0 (608221)|HEAP_ALLOCATE|[EXTERNAL]|Bytes:17
18:33:52.0 (631777)|METHOD_ENTRY|[2]|01p900000074l1a|PlatformEventTest.PlatformEventTest()
18:33:52.0 (642043)|STATEMENT_EXECUTE|[2]
18:33:52.0 (648515)|STATEMENT_EXECUTE|[2]
18:33:52.0 (654817)|METHOD_EXIT|[2]|PlatformEventTest
18:33:52.0 (793445)|HEAP_ALLOCATE|[50]|Bytes:5
18:33:52.0 (824771)|HEAP_ALLOCATE|[56]|Bytes:5
18:33:52.0 (837873)|HEAP_ALLOCATE|[64]|Bytes:7
18:33:52.0 (882825)|STATEMENT_EXECUTE|[4]
18:33:52.0 (891491)|STATEMENT_EXECUTE|[5]
18:33:52.0 (1140415)|HEAP_ALLOCATE|[5]|Bytes:4
18:33:52.0 (1298934)|VARIABLE_ASSIGNMENT|[5]|this.Has_Shipped__c|true|0xa77bd87
18:33:52.0 (1312242)|HEAP_ALLOCATE|[5]|Bytes:6
18:33:52.0 (1338750)|VARIABLE_ASSIGNMENT|[5]|this.Order_Number__c|"123456"|0xa77bd87
18:33:52.0 (1374744)|VARIABLE_SCOPE_BEGIN|[5]|orderEvent|Order_Event__e|true|false
18:33:52.0 (1401761)|VARIABLE_ASSIGNMENT|[5]|orderEvent|{"Has_Shipped__c":true,"Order_Number__c":"123456"}|0xa77bd87
18:33:52.0 (1409954)|STATEMENT_EXECUTE|[7]
18:33:52.0 (1447220)|HEAP_ALLOCATE|[7]|Bytes:63
18:33:52.0 (1458211)|SYSTEM_METHOD_ENTRY|[1]|Test.Test()
18:33:52.0 (1463943)|STATEMENT_EXECUTE|[1]
18:33:52.0 (1472441)|SYSTEM_METHOD_EXIT|[1]|Test
18:33:52.0 (1487077)|METHOD_ENTRY|[7]||System.Test.startTest()
18:33:52.0 (3004519)|METHOD_EXIT|[7]||System.Test.startTest()
18:33:52.0 (3016633)|STATEMENT_EXECUTE|[9]
18:33:52.0 (3056120)|HEAP_ALLOCATE|[9]|Bytes:8
18:33:52.0 (3073150)|DML_BEGIN|[9]|Op:Insert|Type:Order_Event__e|Rows:1
18:33:52.0 (3125624)|HEAP_ALLOCATE|[EXTERNAL]|Bytes:8
18:33:52.0 (4826529)|DML_END|[9]
18:33:52.0 (4879034)|HEAP_ALLOCATE|[9]|Bytes:4
18:33:52.0 (4914602)|VARIABLE_SCOPE_BEGIN|[9]|sr|Database.SaveResult|true|false
18:33:52.0 (4942494)|VARIABLE_ASSIGNMENT|[9]|sr|{"success":true,"id":"e00xx0000000001AAA"}|0xd13aea1
18:33:52.0 (4952786)|STATEMENT_EXECUTE|[10]
18:33:52.0 (4966927)|METHOD_ENTRY|[10]||System.Test.stopTest()
18:33:52.0 (175041278)|CODE_UNIT_STARTED|[EXTERNAL]|01q90000000p7Xg|OrderEventTrigger on Order_Event trigger event AfterInsert
18:33:52.0 (175167530)|HEAP_ALLOCATE|[EXTERNAL]|Bytes:8
18:33:52.0 (175406015)|HEAP_ALLOCATE|[EXTERNAL]|Bytes:16
18:33:52.0 (175428899)|VARIABLE_SCOPE_BEGIN|[1]|this|OrderEventTrigger|true|false
18:33:52.0 (175540009)|VARIABLE_ASSIGNMENT|[1]|this|{}|0x1834a824
18:33:52.0 (175612694)|HEAP_ALLOCATE|[EXTERNAL]|Bytes:16
18:33:52.0 (175792310)|VARIABLE_SCOPE_BEGIN|[1]|this|OrderEventTrigger|true|false
18:33:52.0 (175819269)|VARIABLE_ASSIGNMENT|[1]|this|{}|0x1834a824
18:33:52.0 (175832435)|STATEMENT_EXECUTE|[1]
18:33:52.0 (175835698)|STATEMENT_EXECUTE|[3]
18:33:52.0 (175894111)|HEAP_ALLOCATE|[3]|Bytes:4
18:33:52.0 (176016683)|HEAP_ALLOCATE|[EXTERNAL]|Bytes:4
18:33:52.0 (176035964)|VARIABLE_ASSIGNMENT|[3]|this.taskList|[]|0x1834a824
18:33:52.0 (176044972)|STATEMENT_EXECUTE|[4]
18:33:52.0 (176059107)|VARIABLE_ASSIGNMENT|[4]|this.eventTask|null|0x1834a824
18:33:52.0 (176067439)|STATEMENT_EXECUTE|[6]
18:33:52.0 (176072596)|HEAP_ALLOCATE|[6]|Bytes:57
18:33:52.0 (176097051)|HEAP_ALLOCATE|[6]|Bytes:4
18:33:52.0 (176330089)|SOQL_EXECUTE_BEGIN|[6]|Aggregations:0|SELECT Id FROM User WHERE Name = 'Prateek Saxena' LIMIT 1
18:33:52.0 (183540170)|SOQL_EXECUTE_END|[6]|Rows:1
18:33:52.0 (183567646)|HEAP_ALLOCATE|[6]|Bytes:8
18:33:52.0 (183581297)|HEAP_ALLOCATE|[6]|Bytes:29
18:33:52.0 (183631170)|HEAP_ALLOCATE|[6]|Bytes:8
18:33:52.0 (183651747)|HEAP_ALLOCATE|[6]|Bytes:30
18:33:52.0 (183687454)|HEAP_ALLOCATE|[6]|Bytes:8
18:33:52.0 (183730428)|VARIABLE_ASSIGNMENT|[6]|this.usr|{"Id":"00590000002m6GCAAY"}|0x1834a824
18:33:52.0 (183956169)|HEAP_ALLOCATE|[8]|Bytes:5
18:33:52.0 (184005238)|VARIABLE_SCOPE_BEGIN|[8]|orderEvent|Order_Event__e|true|false
18:33:52.0 (184108119)|VARIABLE_ASSIGNMENT|[8]|orderEvent|{"CreatedById":"00590000002m6GCAAY","Has_Shipped__c":true,"ReplayId":"1","CreatedDate":"2018-04-26T13:03:52.000Z","Order_Number__c":"123456","Id":"e00xx0000000001AAA"}|0xeea26bb
18:33:52.0 (184118439)|STATEMENT_EXECUTE|[8]
18:33:52.0 (184140860)|STATEMENT_EXECUTE|[10]
18:33:52.0 (184142769)|STATEMENT_EXECUTE|[11]
18:33:52.0 (184163912)|HEAP_ALLOCATE|[11]|Bytes:4
18:33:52.0 (184261605)|VARIABLE_ASSIGNMENT|[11]|this.eventTask|{}|0x1834a824
18:33:52.0 (184268435)|STATEMENT_EXECUTE|[12]
18:33:52.0 (184272117)|HEAP_ALLOCATE|[12]|Bytes:6
18:33:52.0 (184331555)|VARIABLE_ASSIGNMENT|[12]|this.Priority|"Medium"|0x2116632b
18:33:52.0 (184338338)|STATEMENT_EXECUTE|[13]
18:33:52.0 (184341244)|HEAP_ALLOCATE|[13]|Bytes:3
18:33:52.0 (184371816)|VARIABLE_ASSIGNMENT|[13]|this.Status|"New"|0x2116632b
18:33:52.0 (184378026)|STATEMENT_EXECUTE|[14]
18:33:52.0 (184381050)|HEAP_ALLOCATE|[14]|Bytes:26
18:33:52.0 (184411520)|HEAP_ALLOCATE|[14]|Bytes:32
18:33:52.0 (184439942)|VARIABLE_ASSIGNMENT|[14]|this.Subject|"Follow up on shipped (12 more) ..."|0x2116632b
18:33:52.0 (184445948)|STATEMENT_EXECUTE|[15]
18:33:52.0 (184479342)|VARIABLE_ASSIGNMENT|[15]|this.OwnerId|"00590000002m6GCAAY"|0x2116632b
18:33:52.0 (184485444)|STATEMENT_EXECUTE|[16]
18:33:52.0 (184528297)|HEAP_ALLOCATE|[EXTERNAL]|Bytes:4
18:33:52.0 (184546972)|HEAP_ALLOCATE|[8]|Bytes:5
18:33:52.0 (184560579)|VARIABLE_ASSIGNMENT|[8]|orderEvent|null|
18:33:52.0 (184566301)|STATEMENT_EXECUTE|[21]
18:33:52.0 (184609190)|DML_BEGIN|[21]|Op:Insert|Type:Task|Rows:1
18:33:52.0 (184637005)|HEAP_ALLOCATE|[EXTERNAL]|Bytes:8
18:33:52.0 (214383369)|DML_END|[21]
18:33:52.0 (214417853)|HEAP_ALLOCATE|[EXTERNAL]|Bytes:8
18:33:52.214 (214441859)|CUMULATIVE_LIMIT_USAGE
18:33:52.214 (214441859)|LIMIT_USAGE_FOR_NS|(default)|
  Number of SOQL queries: 1 out of 100
  Number of query rows: 1 out of 50000
  Number of SOSL queries: 0 out of 20
  Number of DML statements: 1 out of 150
  Number of DML rows: 1 out of 10000
  Maximum CPU time: 0 out of 10000
  Maximum heap size: 0 out of 6000000
  Number of callouts: 0 out of 100
  Number of Email Invocations: 0 out of 10
  Number of future calls: 0 out of 50
  Number of queueable jobs added to the queue: 0 out of 50
  Number of Mobile Apex push calls: 0 out of 10

18:33:52.214 (214441859)|CUMULATIVE_LIMIT_USAGE_END

18:33:52.0 (215483034)|CODE_UNIT_FINISHED|OrderEventTrigger on Order_Event trigger event AfterInsert
18:33:52.0 (225416285)|METHOD_EXIT|[10]||System.Test.stopTest()
18:33:52.0 (225433687)|STATEMENT_EXECUTE|[12]
18:33:52.0 (225502035)|STATEMENT_EXECUTE|[14]
18:33:52.0 (225508060)|HEAP_ALLOCATE|[14]|Bytes:19
18:33:52.0 (225529904)|HEAP_ALLOCATE|[14]|Bytes:4
18:33:52.0 (225689463)|SOQL_EXECUTE_BEGIN|[14]|Aggregations:0|SELECT Id FROM Task
18:33:52.0 (229521003)|SOQL_EXECUTE_END|[14]|Rows:1
18:33:52.0 (229544856)|HEAP_ALLOCATE|[14]|Bytes:8
18:33:52.0 (229557012)|HEAP_ALLOCATE|[14]|Bytes:29
18:33:52.0 (229589888)|HEAP_ALLOCATE|[14]|Bytes:8
18:33:52.0 (229602757)|VARIABLE_SCOPE_BEGIN|[14]|tasksList|List<Task>|true|false
18:33:52.0 (229633101)|VARIABLE_ASSIGNMENT|[14]|tasksList|[{"Id":"00T9000004MayTSEAZ"}]|0x1380de1
18:33:52.0 (229640110)|STATEMENT_EXECUTE|[17]
18:33:52.229 (229696499)|CUMULATIVE_LIMIT_USAGE
18:33:52.229 (229696499)|LIMIT_USAGE_FOR_NS|(default)|
  Number of SOQL queries: 1 out of 100
  Number of query rows: 1 out of 50000
  Number of SOSL queries: 0 out of 20
  Number of DML statements: 0 out of 150
  Number of DML rows: 0 out of 10000
  Maximum CPU time: 0 out of 10000
  Maximum heap size: 0 out of 6000000
  Number of callouts: 0 out of 100
  Number of Email Invocations: 0 out of 10
  Number of future calls: 0 out of 50
  Number of queueable jobs added to the queue: 0 out of 50
  Number of Mobile Apex push calls: 0 out of 10

18:33:52.229 (229696499)|TESTING_LIMITS
18:33:52.229 (229696499)|LIMIT_USAGE_FOR_NS|(default)|
  Number of SOQL queries: 0 out of 100
  Number of query rows: 0 out of 50000
  Number of SOSL queries: 0 out of 20
  Number of DML statements: 1 out of 150
  Number of DML rows: 1 out of 10000
  Maximum CPU time: 0 out of 10000
  Maximum heap size: 0 out of 6000000
  Number of callouts: 0 out of 100
  Number of Email Invocations: 0 out of 10
  Number of future calls: 0 out of 50
  Number of queueable jobs added to the queue: 0 out of 50
  Number of Mobile Apex push calls: 0 out of 10

18:33:52.229 (229696499)|CUMULATIVE_LIMIT_USAGE_END

18:33:52.0 (229738542)|CODE_UNIT_FINISHED|PlatformEventTest.testMethod1
18:33:52.0 (230682269)|EXECUTION_FINISHED
