36.0 APEX_CODE,FINEST;APEX_PROFILING,INFO;CALLOUT,INFO;DB,INFO;SYSTEM,DEBUG;VALIDATION,INFO;VISUALFORCE,INFO;WAVE,INFO;WORKFLOW,INFO
Execute Anonymous: List<Task> tasks = [select id from task where subject = 'Follow up on shipped order 105'];
Execute Anonymous: System.assert(tasks.size() > 0);
Execute Anonymous: delete tasks;
18:51:40.2 (2538804)|USER_INFO|[EXTERNAL]|00590000002m6GC|pratsaxena@prateek.com|India Standard Time|GMT+05:30
18:51:40.2 (2566254)|EXECUTION_STARTED
18:51:40.2 (2574656)|CODE_UNIT_STARTED|[EXTERNAL]|execute_anonymous_apex
18:51:40.2 (2914721)|VARIABLE_SCOPE_BEGIN|[1]|tasks|List<Task>|true|false
18:51:40.2 (3047239)|HEAP_ALLOCATE|[72]|Bytes:3
18:51:40.2 (3099247)|HEAP_ALLOCATE|[77]|Bytes:152
18:51:40.2 (3114141)|HEAP_ALLOCATE|[342]|Bytes:408
18:51:40.2 (3127261)|HEAP_ALLOCATE|[355]|Bytes:408
18:51:40.2 (3138849)|HEAP_ALLOCATE|[467]|Bytes:48
18:51:40.2 (3164785)|HEAP_ALLOCATE|[139]|Bytes:6
18:51:40.2 (3186589)|HEAP_ALLOCATE|[EXTERNAL]|Bytes:5
18:51:40.2 (3298580)|STATEMENT_EXECUTE|[1]
18:51:40.2 (3304010)|STATEMENT_EXECUTE|[1]
18:51:40.2 (3307888)|HEAP_ALLOCATE|[1]|Bytes:68
18:51:40.2 (3323944)|HEAP_ALLOCATE|[1]|Bytes:4
18:51:40.2 (3359257)|HEAP_ALLOCATE|[50]|Bytes:5
18:51:40.2 (3380972)|HEAP_ALLOCATE|[56]|Bytes:5
18:51:40.2 (3389715)|HEAP_ALLOCATE|[64]|Bytes:7
18:51:40.2 (4180925)|SOQL_EXECUTE_BEGIN|[1]|Aggregations:0|SELECT id FROM task WHERE subject = 'Follow up on shipped order 105'
18:51:40.2 (7453567)|SOQL_EXECUTE_END|[1]|Rows:1
18:51:40.2 (7499408)|HEAP_ALLOCATE|[1]|Bytes:8
18:51:40.2 (7814680)|HEAP_ALLOCATE|[1]|Bytes:29
18:51:40.2 (7900744)|HEAP_ALLOCATE|[1]|Bytes:8
18:51:40.2 (8010478)|VARIABLE_ASSIGNMENT|[1]|tasks|[{"Id":"00T9000004Mays8EAB"}]|0x7e6f2287
18:51:40.2 (8022179)|STATEMENT_EXECUTE|[2]
18:51:40.2 (8129810)|STATEMENT_EXECUTE|[3]
18:51:40.2 (8175667)|DML_BEGIN|[3]|Op:Delete|Type:Task|Rows:1
18:51:40.2 (8207048)|HEAP_ALLOCATE|[EXTERNAL]|Bytes:8
18:51:40.2 (335534892)|DML_END|[3]
18:51:40.2 (335598224)|HEAP_ALLOCATE|[EXTERNAL]|Bytes:8
18:51:40.339 (339986247)|CUMULATIVE_LIMIT_USAGE
18:51:40.339 (339986247)|LIMIT_USAGE_FOR_NS|(default)|
  Number of SOQL queries: 1 out of 100
  Number of query rows: 1 out of 50000
  Number of SOSL queries: 0 out of 20
  Number of DML statements: 1 out of 150
  Number of DML rows: 1 out of 10000
  Maximum CPU time: 0 out of 10000
  Maximum heap size: 0 out of 6000000
  Number of callouts: 0 out of 100
  Number of Email Invocations: 0 out of 10
  Number of future calls: 0 out of 50
  Number of queueable jobs added to the queue: 0 out of 50
  Number of Mobile Apex push calls: 0 out of 10

18:51:40.339 (339986247)|CUMULATIVE_LIMIT_USAGE_END

18:51:40.2 (340064495)|CODE_UNIT_FINISHED|execute_anonymous_apex
18:51:40.2 (341257046)|EXECUTION_FINISHED
