39.0 APEX_CODE,FINEST;APEX_PROFILING,INFO;CALLOUT,INFO;DB,INFO;SYSTEM,DEBUG;VALIDATION,INFO;VISUALFORCE,INFO;WAVE,INFO;WORKFLOW,INFO
Execute Anonymous: Order_Event__e orderEvent = new Order_Event__e(Order_Number__c='105', Has_Shipped__c=true);
Execute Anonymous: Database.SaveResult sr = EventBus.publish(orderEvent);
18:27:57.0 (867624)|USER_INFO|[EXTERNAL]|00590000002m6GC|pratsaxena@prateek.com|India Standard Time|GMT+05:30
18:27:57.0 (893640)|EXECUTION_STARTED
18:27:57.0 (897868)|CODE_UNIT_STARTED|[EXTERNAL]|execute_anonymous_apex
18:27:57.0 (1074878)|VARIABLE_SCOPE_BEGIN|[1]|orderEvent|Order_Event__e|true|false
18:27:57.0 (1109432)|VARIABLE_SCOPE_BEGIN|[2]|sr|Database.SaveResult|true|false
18:27:57.0 (1226074)|HEAP_ALLOCATE|[72]|Bytes:3
18:27:57.0 (1261236)|HEAP_ALLOCATE|[77]|Bytes:152
18:27:57.0 (1275789)|HEAP_ALLOCATE|[342]|Bytes:408
18:27:57.0 (1287501)|HEAP_ALLOCATE|[355]|Bytes:408
18:27:57.0 (1298051)|HEAP_ALLOCATE|[467]|Bytes:48
18:27:57.0 (1325504)|HEAP_ALLOCATE|[139]|Bytes:6
18:27:57.0 (1346260)|HEAP_ALLOCATE|[EXTERNAL]|Bytes:3
18:27:57.0 (1445690)|STATEMENT_EXECUTE|[1]
18:27:57.0 (1448771)|STATEMENT_EXECUTE|[1]
18:27:57.0 (1481063)|HEAP_ALLOCATE|[1]|Bytes:4
18:27:57.0 (1564607)|HEAP_ALLOCATE|[1]|Bytes:3
18:27:57.0 (1668389)|VARIABLE_ASSIGNMENT|[1]|this.Order_Number__c|"105"|0x3e15c35b
18:27:57.0 (1709833)|HEAP_ALLOCATE|[50]|Bytes:5
18:27:57.0 (1731706)|HEAP_ALLOCATE|[56]|Bytes:5
18:27:57.0 (1739781)|HEAP_ALLOCATE|[64]|Bytes:7
18:27:57.0 (1772185)|VARIABLE_ASSIGNMENT|[1]|this.Has_Shipped__c|true|0x3e15c35b
18:27:57.0 (1815725)|VARIABLE_ASSIGNMENT|[1]|orderEvent|{"Order_Number__c":"105","Has_Shipped__c":true}|0x3e15c35b
18:27:57.0 (1823824)|STATEMENT_EXECUTE|[2]
18:27:57.0 (1863681)|HEAP_ALLOCATE|[2]|Bytes:8
18:27:57.0 (1875156)|DML_BEGIN|[2]|Op:Insert|Type:Order_Event__e|Rows:1
18:27:57.0 (1917021)|HEAP_ALLOCATE|[EXTERNAL]|Bytes:8
18:27:57.0 (9233192)|DML_END|[2]
18:27:57.0 (9301437)|HEAP_ALLOCATE|[2]|Bytes:4
18:27:57.0 (9351299)|VARIABLE_ASSIGNMENT|[2]|sr|{"success":true,"id":"e00xx0000000002AAA"}|0x575eded0
18:27:57.10 (10452406)|CUMULATIVE_LIMIT_USAGE
18:27:57.10 (10452406)|LIMIT_USAGE_FOR_NS|(default)|
  Number of SOQL queries: 0 out of 100
  Number of query rows: 0 out of 50000
  Number of SOSL queries: 0 out of 20
  Number of DML statements: 1 out of 150
  Number of DML rows: 1 out of 10000
  Maximum CPU time: 0 out of 10000
  Maximum heap size: 0 out of 6000000
  Number of callouts: 0 out of 100
  Number of Email Invocations: 0 out of 10
  Number of future calls: 0 out of 50
  Number of queueable jobs added to the queue: 0 out of 50
  Number of Mobile Apex push calls: 0 out of 10

18:27:57.10 (10452406)|CUMULATIVE_LIMIT_USAGE_END

18:27:57.0 (10502818)|CODE_UNIT_FINISHED|execute_anonymous_apex
18:27:57.0 (11492274)|EXECUTION_FINISHED
