39.0 APEX_CODE,FINEST;APEX_PROFILING,INFO;CALLOUT,INFO;DB,INFO;SYSTEM,DEBUG;VALIDATION,INFO;VISUALFORCE,INFO;WAVE,INFO;WORKFLOW,INFO
Execute Anonymous: Order_Event__e orderEvent = new Order_Event__e(Order_Number__c='105', Has_Shipped__c=true);
Execute Anonymous: Database.SaveResult sr = EventBus.publish(orderEvent);
18:28:15.1 (1183047)|USER_INFO|[EXTERNAL]|00590000002m6GC|pratsaxena@prateek.com|India Standard Time|GMT+05:30
18:28:15.1 (1201656)|EXECUTION_STARTED
18:28:15.1 (1205220)|CODE_UNIT_STARTED|[EXTERNAL]|execute_anonymous_apex
18:28:15.1 (1347633)|VARIABLE_SCOPE_BEGIN|[1]|orderEvent|Order_Event__e|true|false
18:28:15.1 (1378342)|VARIABLE_SCOPE_BEGIN|[2]|sr|Database.SaveResult|true|false
18:28:15.1 (1481129)|HEAP_ALLOCATE|[72]|Bytes:3
18:28:15.1 (1535199)|HEAP_ALLOCATE|[77]|Bytes:152
18:28:15.1 (1549667)|HEAP_ALLOCATE|[342]|Bytes:408
18:28:15.1 (1561940)|HEAP_ALLOCATE|[355]|Bytes:408
18:28:15.1 (1572991)|HEAP_ALLOCATE|[467]|Bytes:48
18:28:15.1 (1596923)|HEAP_ALLOCATE|[139]|Bytes:6
18:28:15.1 (1619368)|HEAP_ALLOCATE|[EXTERNAL]|Bytes:3
18:28:15.1 (1731538)|STATEMENT_EXECUTE|[1]
18:28:15.1 (1734282)|STATEMENT_EXECUTE|[1]
18:28:15.1 (1762326)|HEAP_ALLOCATE|[1]|Bytes:4
18:28:15.1 (1838815)|HEAP_ALLOCATE|[1]|Bytes:3
18:28:15.1 (1908041)|VARIABLE_ASSIGNMENT|[1]|this.Order_Number__c|"105"|0x484280c9
18:28:15.1 (1943785)|HEAP_ALLOCATE|[50]|Bytes:5
18:28:15.1 (1963545)|HEAP_ALLOCATE|[56]|Bytes:5
18:28:15.1 (1972020)|HEAP_ALLOCATE|[64]|Bytes:7
18:28:15.1 (2002783)|VARIABLE_ASSIGNMENT|[1]|this.Has_Shipped__c|true|0x484280c9
18:28:15.1 (2051301)|VARIABLE_ASSIGNMENT|[1]|orderEvent|{"Order_Number__c":"105","Has_Shipped__c":true}|0x484280c9
18:28:15.1 (2058404)|STATEMENT_EXECUTE|[2]
18:28:15.1 (2119642)|HEAP_ALLOCATE|[2]|Bytes:8
18:28:15.1 (2136449)|DML_BEGIN|[2]|Op:Insert|Type:Order_Event__e|Rows:1
18:28:15.1 (2170141)|HEAP_ALLOCATE|[EXTERNAL]|Bytes:8
18:28:15.1 (13411417)|DML_END|[2]
18:28:15.1 (13507676)|HEAP_ALLOCATE|[2]|Bytes:4
18:28:15.1 (13578369)|VARIABLE_ASSIGNMENT|[2]|sr|{"success":true,"id":"e00xx0000000003AAA"}|0x350bdccb
18:28:15.14 (14534511)|CUMULATIVE_LIMIT_USAGE
18:28:15.14 (14534511)|LIMIT_USAGE_FOR_NS|(default)|
  Number of SOQL queries: 0 out of 100
  Number of query rows: 0 out of 50000
  Number of SOSL queries: 0 out of 20
  Number of DML statements: 1 out of 150
  Number of DML rows: 1 out of 10000
  Maximum CPU time: 0 out of 10000
  Maximum heap size: 0 out of 6000000
  Number of callouts: 0 out of 100
  Number of Email Invocations: 0 out of 10
  Number of future calls: 0 out of 50
  Number of queueable jobs added to the queue: 0 out of 50
  Number of Mobile Apex push calls: 0 out of 10

18:28:15.14 (14534511)|CUMULATIVE_LIMIT_USAGE_END

18:28:15.1 (14569226)|CODE_UNIT_FINISHED|execute_anonymous_apex
18:28:15.1 (15435215)|EXECUTION_FINISHED
